# JRE version: OpenJDK Runtime Environment Microsoft-11369865 (17.0.15+6) (build 17.0.15+6-LTS)
# Java VM: OpenJDK 64-Bit Server VM Microsoft-11369865 (17.0.15+6-LTS, mixed mode, sharing, tiered, compressed oops, compressed class ptrs, g1 gc, windows-amd64)
GC Precious Log:
 CPUs: 12 total, 12 available
 Memory: 16004M
 Large Page Support: Disabled
 NUMA Support: Disabled
 Compressed Oops: Enabled (Zero based)
 Heap Region Size: 2M
 Heap Min Capacity: 8M
 Heap Initial Capacity: 252M
 Heap Max Capacity: 4002M
 Pre-touch: Disabled
 Parallel Workers: 10
 Concurrent Workers: 3
 Concurrent Refinement Workers: 10
 Periodic GC: Disabled
Heap:
 garbage-first heap   total 96256K, used 35971K [0x0000000705e00000, 0x0000000800000000)
  region size 2048K, 3 young (6144K), 1 survivors (2048K)
 Metaspace       used 72627K, committed 73216K, reserved 1114112K
  class space    used 9746K, committed 9984K, reserved 1048576K
GC Heap History (20 events):
Event: 5615.979 GC heap before
{Heap before GC invocations=21 (full 0):
 garbage-first heap   total 96256K, used 76938K [0x0000000705e00000, 0x0000000800000000)
  region size 2048K, 23 young (47104K), 2 survivors (4096K)
 Metaspace       used 72357K, committed 72896K, reserved 1114112K
  class space    used 9745K, committed 9984K, reserved 1048576K
}
Event: 5615.993 GC heap after
{Heap after GC invocations=22 (full 0):
 garbage-first heap   total 96256K, used 34345K [0x0000000705e00000, 0x0000000800000000)
  region size 2048K, 1 young (2048K), 1 survivors (2048K)
 Metaspace       used 72357K, committed 72896K, reserved 1114112K
  class space    used 9745K, committed 9984K, reserved 1048576K
}
Event: 6854.785 GC heap before
{Heap before GC invocations=22 (full 0):
 garbage-first heap   total 96256K, used 79401K [0x0000000705e00000, 0x0000000800000000)
  region size 2048K, 23 young (47104K), 1 survivors (2048K)
 Metaspace       used 72362K, committed 72896K, reserved 1114112K
  class space    used 9745K, committed 9984K, reserved 1048576K
}
Event: 6854.790 GC heap after
{Heap after GC invocations=23 (full 0):
 garbage-first heap   total 96256K, used 33866K [0x0000000705e00000, 0x0000000800000000)
  region size 2048K, 1 young (2048K), 1 survivors (2048K)
 Metaspace       used 72362K, committed 72896K, reserved 1114112K
  class space    used 9745K, committed 9984K, reserved 1048576K
}
Event: 7916.931 GC heap before
{Heap before GC invocations=23 (full 0):
 garbage-first heap   total 96256K, used 78922K [0x0000000705e00000, 0x0000000800000000)
  region size 2048K, 23 young (47104K), 1 survivors (2048K)
 Metaspace       used 72446K, committed 73024K, reserved 1114112K
  class space    used 9746K, committed 9984K, reserved 1048576K
}
Event: 7916.937 GC heap after
{Heap after GC invocations=24 (full 0):
 garbage-first heap   total 96256K, used 34028K [0x0000000705e00000, 0x0000000800000000)
  region size 2048K, 1 young (2048K), 1 survivors (2048K)
 Metaspace       used 72446K, committed 73024K, reserved 1114112K
  class space    used 9746K, committed 9984K, reserved 1048576K
}
Event: 9006.287 GC heap before
{Heap before GC invocations=24 (full 0):
 garbage-first heap   total 96256K, used 79084K [0x0000000705e00000, 0x0000000800000000)
  region size 2048K, 23 young (47104K), 1 survivors (2048K)
 Metaspace       used 72470K, committed 73024K, reserved 1114112K
  class space    used 9746K, committed 9984K, reserved 1048576K
}
Event: 9006.292 GC heap after
{Heap after GC invocations=25 (full 0):
 garbage-first heap   total 96256K, used 34229K [0x0000000705e00000, 0x0000000800000000)
  region size 2048K, 1 young (2048K), 1 survivors (2048K)
 Metaspace       used 72470K, committed 73024K, reserved 1114112K
  class space    used 9746K, committed 9984K, reserved 1048576K
}
Event: 11450.203 GC heap before
{Heap before GC invocations=25 (full 0):
 garbage-first heap   total 96256K, used 79285K [0x0000000705e00000, 0x0000000800000000)
  region size 2048K, 23 young (47104K), 1 survivors (2048K)
 Metaspace       used 72506K, committed 73024K, reserved 1114112K
  class space    used 9746K, committed 9984K, reserved 1048576K
}
Event: 11450.208 GC heap after
{Heap after GC invocations=26 (full 0):
 garbage-first heap   total 96256K, used 34220K [0x0000000705e00000, 0x0000000800000000)
  region size 2048K, 1 young (2048K), 1 survivors (2048K)
 Metaspace       used 72506K, committed 73024K, reserved 1114112K
  class space    used 9746K, committed 9984K, reserved 1048576K
}
Event: 12541.768 GC heap before
{Heap before GC invocations=26 (full 0):
 garbage-first heap   total 96256K, used 79276K [0x0000000705e00000, 0x0000000800000000)
  region size 2048K, 23 young (47104K), 1 survivors (2048K)
 Metaspace       used 72521K, committed 73024K, reserved 1114112K
  class space    used 9746K, committed 9984K, reserved 1048576K
}
Event: 12541.774 GC heap after
{Heap after GC invocations=27 (full 0):
 garbage-first heap   total 96256K, used 34136K [0x0000000705e00000, 0x0000000800000000)
  region size 2048K, 1 young (2048K), 1 survivors (2048K)
 Metaspace       used 72521K, committed 73024K, reserved 1114112K
  class space    used 9746K, committed 9984K, reserved 1048576K
}
Event: 13782.827 GC heap before
{Heap before GC invocations=27 (full 0):
 garbage-first heap   total 96256K, used 79192K [0x0000000705e00000, 0x0000000800000000)
  region size 2048K, 23 young (47104K), 1 survivors (2048K)
 Metaspace       used 72521K, committed 73024K, reserved 1114112K
  class space    used 9746K, committed 9984K, reserved 1048576K
}
Event: 13782.833 GC heap after
{Heap after GC invocations=28 (full 0):
 garbage-first heap   total 96256K, used 33857K [0x0000000705e00000, 0x0000000800000000)
  region size 2048K, 1 young (2048K), 1 survivors (2048K)
 Metaspace       used 72521K, committed 73024K, reserved 1114112K
  class space    used 9746K, committed 9984K, reserved 1048576K
}
Event: 14860.415 GC heap before
{Heap before GC invocations=28 (full 0):
 garbage-first heap   total 96256K, used 78913K [0x0000000705e00000, 0x0000000800000000)
  region size 2048K, 23 young (47104K), 1 survivors (2048K)
 Metaspace       used 72585K, committed 73088K, reserved 1114112K
  class space    used 9746K, committed 9984K, reserved 1048576K
}
Event: 14860.421 GC heap after
{Heap after GC invocations=29 (full 0):
 garbage-first heap   total 96256K, used 33923K [0x0000000705e00000, 0x0000000800000000)
  region size 2048K, 1 young (2048K), 1 survivors (2048K)
 Metaspace       used 72585K, committed 73088K, reserved 1114112K
  class space    used 9746K, committed 9984K, reserved 1048576K
}
Event: 16017.936 GC heap before
{Heap before GC invocations=29 (full 0):
 garbage-first heap   total 96256K, used 78979K [0x0000000705e00000, 0x0000000800000000)
  region size 2048K, 23 young (47104K), 1 survivors (2048K)
 Metaspace       used 72606K, committed 73152K, reserved 1114112K
  class space    used 9746K, committed 9984K, reserved 1048576K
}
Event: 16017.939 GC heap after
{Heap after GC invocations=30 (full 0):
 garbage-first heap   total 96256K, used 33921K [0x0000000705e00000, 0x0000000800000000)
  region size 2048K, 1 young (2048K), 1 survivors (2048K)
 Metaspace       used 72606K, committed 73152K, reserved 1114112K
  class space    used 9746K, committed 9984K, reserved 1048576K
}
Event: 17234.314 GC heap before
{Heap before GC invocations=30 (full 0):
 garbage-first heap   total 96256K, used 81025K [0x0000000705e00000, 0x0000000800000000)
  region size 2048K, 24 young (49152K), 1 survivors (2048K)
 Metaspace       used 72627K, committed 73216K, reserved 1114112K
  class space    used 9746K, committed 9984K, reserved 1048576K
}
Event: 17234.320 GC heap after
{Heap after GC invocations=31 (full 0):
 garbage-first heap   total 96256K, used 33923K [0x0000000705e00000, 0x0000000800000000)
  region size 2048K, 1 young (2048K), 1 survivors (2048K)
 Metaspace       used 72627K, committed 73216K, reserved 1114112K
  class space    used 9746K, committed 9984K, reserved 1048576K
}

